C:\USERS\INêS SANTOS\DOCUMENTS\VISUAL STUDIO 2012\PROJECTS\PROJ_1\X64\DEBUG\AVTMATHLIB.OBJ
C:\USERS\INêS SANTOS\DOCUMENTS\VISUAL STUDIO 2012\PROJECTS\PROJ_1\X64\DEBUG\BASIC_GEOMETRY.OBJ
C:\USERS\INêS SANTOS\DOCUMENTS\VISUAL STUDIO 2012\PROJECTS\PROJ_1\X64\DEBUG\BOARD.OBJ
C:\USERS\INêS SANTOS\DOCUMENTS\VISUAL STUDIO 2012\PROJECTS\PROJ_1\X64\DEBUG\BUTTER.OBJ
C:\USERS\INêS SANTOS\DOCUMENTS\VISUAL STUDIO 2012\PROJECTS\PROJ_1\X64\DEBUG\CAR.OBJ
C:\USERS\INêS SANTOS\DOCUMENTS\VISUAL STUDIO 2012\PROJECTS\PROJ_1\X64\DEBUG\DYNAMICOBJECT.OBJ
C:\USERS\INêS SANTOS\DOCUMENTS\VISUAL STUDIO 2012\PROJECTS\PROJ_1\X64\DEBUG\GAMEOBJECT.OBJ
C:\USERS\INêS SANTOS\DOCUMENTS\VISUAL STUDIO 2012\PROJECTS\PROJ_1\X64\DEBUG\OBSTACLE.OBJ
C:\USERS\INêS SANTOS\DOCUMENTS\VISUAL STUDIO 2012\PROJECTS\PROJ_1\X64\DEBUG\ORANGE.OBJ
C:\USERS\INêS SANTOS\DOCUMENTS\VISUAL STUDIO 2012\PROJECTS\PROJ_1\X64\DEBUG\STATICOBJECT.OBJ
C:\USERS\INêS SANTOS\DOCUMENTS\VISUAL STUDIO 2012\PROJECTS\PROJ_1\X64\DEBUG\TABLE.OBJ
C:\USERS\INêS SANTOS\DOCUMENTS\VISUAL STUDIO 2012\PROJECTS\PROJ_1\X64\DEBUG\TRACK.OBJ
C:\USERS\INêS SANTOS\DOCUMENTS\VISUAL STUDIO 2012\PROJECTS\PROJ_1\X64\DEBUG\VSSHADERLIB.OBJ
C:\USERS\INÊS SANTOS\DOCUMENTS\VISUAL STUDIO 2012\PROJECTS\PROJ_1\X64\DEBUG\VC110.PDB
C:\USERS\INêS SANTOS\DOCUMENTS\VISUAL STUDIO 2012\PROJECTS\PROJ_1\X64\DEBUG\GAMEMANAGER.OBJ
C:\USERS\INêS SANTOS\DOCUMENTS\VISUAL STUDIO 2012\PROJECTS\PROJ_1\X64\DEBUG\MAIN.OBJ
C:\Users\Inês Santos\Documents\Visual Studio 2012\Projects\Proj_1\x64\Debug\AVTmathLib.obj
C:\Users\Inês Santos\Documents\Visual Studio 2012\Projects\Proj_1\x64\Debug\basic_geometry.obj
C:\Users\Inês Santos\Documents\Visual Studio 2012\Projects\Proj_1\x64\Debug\Board.obj
C:\Users\Inês Santos\Documents\Visual Studio 2012\Projects\Proj_1\x64\Debug\Butter.obj
C:\Users\Inês Santos\Documents\Visual Studio 2012\Projects\Proj_1\x64\Debug\Car.obj
C:\Users\Inês Santos\Documents\Visual Studio 2012\Projects\Proj_1\x64\Debug\DynamicObject.obj
C:\Users\Inês Santos\Documents\Visual Studio 2012\Projects\Proj_1\x64\Debug\GameManager.obj
C:\Users\Inês Santos\Documents\Visual Studio 2012\Projects\Proj_1\x64\Debug\GameObject.obj
C:\Users\Inês Santos\Documents\Visual Studio 2012\Projects\Proj_1\x64\Debug\main.obj
C:\Users\Inês Santos\Documents\Visual Studio 2012\Projects\Proj_1\x64\Debug\Obstacle.obj
C:\Users\Inês Santos\Documents\Visual Studio 2012\Projects\Proj_1\x64\Debug\Orange.obj
C:\Users\Inês Santos\Documents\Visual Studio 2012\Projects\Proj_1\x64\Debug\StaticObject.obj
C:\Users\Inês Santos\Documents\Visual Studio 2012\Projects\Proj_1\x64\Debug\Table.obj
C:\Users\Inês Santos\Documents\Visual Studio 2012\Projects\Proj_1\x64\Debug\Track.obj
C:\Users\Inês Santos\Documents\Visual Studio 2012\Projects\Proj_1\x64\Debug\vsShaderLib.obj
C:\Users\Inês Santos\Documents\Visual Studio 2012\Projects\Proj_1\x64\Debug\cl.command.1.tlog
C:\Users\Inês Santos\Documents\Visual Studio 2012\Projects\Proj_1\x64\Debug\CL.read.1.tlog
C:\Users\Inês Santos\Documents\Visual Studio 2012\Projects\Proj_1\x64\Debug\CL.write.1.tlog
C:\Users\Inês Santos\Documents\Visual Studio 2012\Projects\Proj_1\x64\Debug\link-cvtres.read.1.tlog
C:\Users\Inês Santos\Documents\Visual Studio 2012\Projects\Proj_1\x64\Debug\link-cvtres.write.1.tlog
C:\Users\Inês Santos\Documents\Visual Studio 2012\Projects\Proj_1\x64\Debug\link-rc.read.1.tlog
C:\Users\Inês Santos\Documents\Visual Studio 2012\Projects\Proj_1\x64\Debug\link-rc.write.1.tlog
C:\Users\Inês Santos\Documents\Visual Studio 2012\Projects\Proj_1\x64\Debug\link.command.1.tlog
C:\Users\Inês Santos\Documents\Visual Studio 2012\Projects\Proj_1\x64\Debug\link.read.1.tlog
C:\Users\Inês Santos\Documents\Visual Studio 2012\Projects\Proj_1\x64\Debug\link.write.1.tlog
C:\Users\Inês Santos\Documents\Visual Studio 2012\Projects\Proj_1\x64\Debug\vc110.idb
C:\Users\Inês Santos\Documents\Visual Studio 2012\Projects\Proj_1\x64\Debug\Proj_1.pdb
C:\Users\Inês Santos\Documents\Visual Studio 2012\Projects\Proj_1\x64\Debug\vc110.pdb
