Build started 11/10/2015 12:59:12.
     1>Project "C:\Users\Inês Santos\Documents\Visual Studio 2012\Projects\Proj_1\Proj_1.vcxproj" on node 2 (Build target(s)).
     1>ClCompile:
         C:\Program Files (x86)\Microsoft Visual Studio 11.0\VC\bin\x86_amd64\CL.exe /c /Zi /nologo /W3 /WX- /sdl /Od /D WIN32 /D _DEBUG /D _CONSOLE /D _CRT_SECURE_NO_WARNINGS /D _UNICODE /D UNICODE /Gm /EHsc /RTC1 /MDd /GS /fp:precise /Zc:wchar_t /Zc:forScope /Fo"x64\Debug\\" /Fd"x64\Debug\vc110.pdb" /Gd /TP /errorReport:prompt Board.cpp
         Board.cpp
       Link:
         C:\Program Files (x86)\Microsoft Visual Studio 11.0\VC\bin\x86_amd64\link.exe /ERRORREPORT:PROMPT /OUT:"C:\Users\Inês Santos\Documents\Visual Studio 2012\Projects\Proj_1\x64\Debug\Proj_1.exe" /INCREMENTAL /NOLOGO opengl32.lib freeglut.lib glew32.lib glu32.lib kernel32.lib user32.lib gdi32.lib winspool.lib comdlg32.lib advapi32.lib shell32.lib ole32.lib oleaut32.lib uuid.lib odbc32.lib odbccp32.lib /MANIFEST /MANIFESTUAC:"level='asInvoker' uiAccess='false'" /manifest:embed /DEBUG /PDB:"C:\Users\Inês Santos\Documents\Visual Studio 2012\Projects\Proj_1\x64\Debug\Proj_1.pdb" /SUBSYSTEM:CONSOLE /TLBID:1 /DYNAMICBASE /NXCOMPAT /IMPLIB:"C:\Users\Inês Santos\Documents\Visual Studio 2012\Projects\Proj_1\x64\Debug\Proj_1.lib" /MACHINE:X64 x64\Debug\AVTmathLib.obj
         x64\Debug\basic_geometry.obj
         x64\Debug\Board.obj
         x64\Debug\Butter.obj
         x64\Debug\Car.obj
         x64\Debug\DynamicObject.obj
         x64\Debug\GameManager.obj
         x64\Debug\GameObject.obj
         x64\Debug\main.obj
         x64\Debug\Obstacle.obj
         x64\Debug\Orange.obj
         x64\Debug\StaticObject.obj
         x64\Debug\Table.obj
         x64\Debug\Track.obj
         x64\Debug\vsShaderLib.obj
         Proj_1.vcxproj -> C:\Users\Inês Santos\Documents\Visual Studio 2012\Projects\Proj_1\x64\Debug\Proj_1.exe
     1>Done Building Project "C:\Users\Inês Santos\Documents\Visual Studio 2012\Projects\Proj_1\Proj_1.vcxproj" (Build target(s)).

Build succeeded.

Time Elapsed 00:00:00.94
